生成启动时间为 2019/9/19 14:36:25。
     1>项目“D:\practise\Algorithm\Algorithm\Algorithm.vcxproj”在节点 2 上(Build 个目标)。
     1>ClCompile:
         D:\Program Files (x86)\Microsoft Visual Studio 12.0\VC\bin\CL.exe /c /I"D:\Program Files (x86)\Microsoft Visual Studio 12.0\VC\include" /ZI /nologo /W3 /WX- /sdl /Od /Oy- /D WIN32 /D _DEBUG /D _CONSOLE /D _LIB /D _UNICODE /D UNICODE /Gm /EHsc /RTC1 /MDd /GS /fp:precise /Zc:wchar_t /Zc:forScope /Fo"Debug\\" /Fd"Debug\vc120.pdb" /Gd /TP /analyze- /errorReport:prompt TestDivideMerge.cpp
         TestDivideMerge.cpp
     1>d:\practise\algorithm\algorithm\testdividemerge.cpp(41): warning C4244: “return”: 从“double”转换到“int”，可能丢失数据
     1>d:\practise\algorithm\algorithm\testdividemerge.cpp(53): warning C4018: “<”: 有符号/无符号不匹配
     1>d:\practise\algorithm\algorithm\testdividemerge.cpp(66): warning C4018: “<”: 有符号/无符号不匹配
     1>d:\practise\algorithm\algorithm\testdividemerge.cpp(84): warning C4018: “<”: 有符号/无符号不匹配
     1>d:\practise\algorithm\algorithm\testdividemerge.cpp(86): warning C4018: “<”: 有符号/无符号不匹配
     1>d:\practise\algorithm\algorithm\testdividemerge.cpp(147): warning C4018: “<”: 有符号/无符号不匹配
     1>d:\practise\algorithm\algorithm\testdividemerge.cpp(196): warning C4018: “<”: 有符号/无符号不匹配
     1>d:\practise\algorithm\algorithm\testdividemerge.cpp(211): warning C4018: “<”: 有符号/无符号不匹配
     1>d:\practise\algorithm\algorithm\testdividemerge.cpp(228): warning C4018: “<”: 有符号/无符号不匹配
       Link:
         D:\Program Files (x86)\Microsoft Visual Studio 12.0\VC\bin\link.exe /ERRORREPORT:PROMPT /OUT:"D:\practise\Algorithm\Debug\Algorithm.exe" /INCREMENTAL /NOLOGO /LIBPATH:"D:\Program Files (x86)\Microsoft Visual Studio 12.0\VC\lib" glut32.lib GLAUX.LIB kernel32.lib user32.lib gdi32.lib winspool.lib comdlg32.lib advapi32.lib shell32.lib ole32.lib oleaut32.lib uuid.lib odbc32.lib odbccp32.lib /MANIFEST /MANIFESTUAC:"level='asInvoker' uiAccess='false'" /manifest:embed /DEBUG /PDB:"D:\practise\Algorithm\Debug\Algorithm.pdb" /SUBSYSTEM:CONSOLE /TLBID:1 /DYNAMICBASE /NXCOMPAT /IMPLIB:"D:\practise\Algorithm\Debug\Algorithm.lib" /MACHINE:X86 Debug\Algorithm.obj
         Debug\AVLTree.obj
         Debug\BinarySearchTree.obj
         Debug\DivideMerge.obj
         Debug\EdgeWeight.obj
         Debug\Graph.obj
         Debug\mainTest.obj
         Debug\Point.obj
         Debug\PriorityBinaryHeap.obj
         Debug\PriorityHeapApplication.obj
         Debug\ScientificCalculator.obj
         Debug\SortAndFind.obj
         Debug\test.obj
         Debug\TestAdvancedAlgorithm.obj
         Debug\TestDivideMerge.obj
         Debug\Tree.obj
         Debug\Vertex.obj
         Algorithm.vcxproj -> D:\practise\Algorithm\Debug\Algorithm.exe
     1>已完成生成项目“D:\practise\Algorithm\Algorithm\Algorithm.vcxproj”(Build 个目标)的操作。

生成成功。

已用时间 00:00:01.01
