c:\users\administrator.user-20151005qh\desktop\algorithm\algorithm\algorithm\debug\vc120.pdb
c:\users\administrator.user-20151005qh\desktop\algorithm\algorithm\algorithm\debug\vc120.idb
c:\users\administrator.user-20151005qh\desktop\algorithm\algorithm\algorithm\debug\algorithm.obj
c:\users\administrator.user-20151005qh\desktop\algorithm\algorithm\algorithm\debug\avltree.obj
c:\users\administrator.user-20151005qh\desktop\algorithm\algorithm\algorithm\debug\binarysearchtree.obj
c:\users\administrator.user-20151005qh\desktop\algorithm\algorithm\algorithm\debug\edgeweight.obj
c:\users\administrator.user-20151005qh\desktop\algorithm\algorithm\algorithm\debug\graph.obj
c:\users\administrator.user-20151005qh\desktop\algorithm\algorithm\algorithm\debug\maintest.obj
c:\users\administrator.user-20151005qh\desktop\algorithm\algorithm\algorithm\debug\prioritybinaryheap.obj
c:\users\administrator.user-20151005qh\desktop\algorithm\algorithm\algorithm\debug\priorityheapapplication.obj
c:\users\administrator.user-20151005qh\desktop\algorithm\algorithm\algorithm\debug\scientificcalculator.obj
c:\users\administrator.user-20151005qh\desktop\algorithm\algorithm\algorithm\debug\sortandfind.obj
c:\users\administrator.user-20151005qh\desktop\algorithm\algorithm\algorithm\debug\tree.obj
c:\users\administrator.user-20151005qh\desktop\algorithm\algorithm\algorithm\debug\vertex.obj
c:\users\administrator.user-20151005qh\desktop\algorithm\algorithm\debug\algorithm.pdb
c:\users\administrator.user-20151005qh\desktop\algorithm\algorithm\algorithm\debug\algorithm.tlog\cl.command.1.tlog
c:\users\administrator.user-20151005qh\desktop\algorithm\algorithm\algorithm\debug\algorithm.tlog\cl.read.1.tlog
c:\users\administrator.user-20151005qh\desktop\algorithm\algorithm\algorithm\debug\algorithm.tlog\cl.write.1.tlog
c:\users\administrator.user-20151005qh\desktop\algorithm\algorithm\algorithm\debug\algorithm.tlog\link-cvtres.read.1.tlog
c:\users\administrator.user-20151005qh\desktop\algorithm\algorithm\algorithm\debug\algorithm.tlog\link-cvtres.write.1.tlog
c:\users\administrator.user-20151005qh\desktop\algorithm\algorithm\algorithm\debug\algorithm.tlog\link-rc.read.1.tlog
c:\users\administrator.user-20151005qh\desktop\algorithm\algorithm\algorithm\debug\algorithm.tlog\link-rc.write.1.tlog
c:\users\administrator.user-20151005qh\desktop\algorithm\algorithm\algorithm\debug\algorithm.tlog\link.7128-cvtres.read.1.tlog
c:\users\administrator.user-20151005qh\desktop\algorithm\algorithm\algorithm\debug\algorithm.tlog\link.7128-cvtres.write.1.tlog
c:\users\administrator.user-20151005qh\desktop\algorithm\algorithm\algorithm\debug\algorithm.tlog\link.7128-rc.read.1.tlog
c:\users\administrator.user-20151005qh\desktop\algorithm\algorithm\algorithm\debug\algorithm.tlog\link.7128-rc.write.1.tlog
c:\users\administrator.user-20151005qh\desktop\algorithm\algorithm\algorithm\debug\algorithm.tlog\link.7128.read.1.tlog
c:\users\administrator.user-20151005qh\desktop\algorithm\algorithm\algorithm\debug\algorithm.tlog\link.7128.write.1.tlog
c:\users\administrator.user-20151005qh\desktop\algorithm\algorithm\algorithm\debug\algorithm.tlog\link.command.1.tlog
c:\users\administrator.user-20151005qh\desktop\algorithm\algorithm\algorithm\debug\algorithm.tlog\link.read.1.tlog
c:\users\administrator.user-20151005qh\desktop\algorithm\algorithm\algorithm\debug\algorithm.tlog\link.write.1.tlog
